18-Feb-2026 18:48:03.443 INFO [main] org.apache.catalina.startup.VersionLoggerListener.log Server version name:   Apache Tomcat/10.1.18
18-Feb-2026 18:48:03.452 INFO [main] org.apache.catalina.startup.VersionLoggerListener.log Server built:          Jan 5 2024 14:39:40 UTC
18-Feb-2026 18:48:03.452 INFO [main] org.apache.catalina.startup.VersionLoggerListener.log Server version number: 10.1.18.0
18-Feb-2026 18:48:03.452 INFO [main] org.apache.catalina.startup.VersionLoggerListener.log OS Name:               Linux
18-Feb-2026 18:48:03.452 INFO [main] org.apache.catalina.startup.VersionLoggerListener.log OS Version:            6.8.0-1030-azure
18-Feb-2026 18:48:03.452 INFO [main] org.apache.catalina.startup.VersionLoggerListener.log Architecture:          amd64
18-Feb-2026 18:48:03.452 INFO [main] org.apache.catalina.startup.VersionLoggerListener.log Java Home:             /usr/local/sdkman/candidates/java/25.0.1-ms
18-Feb-2026 18:48:03.453 INFO [main] org.apache.catalina.startup.VersionLoggerListener.log JVM Version:           25.0.1+8-LTS
18-Feb-2026 18:48:03.453 INFO [main] org.apache.catalina.startup.VersionLoggerListener.log JVM Vendor:            Microsoft
18-Feb-2026 18:48:03.453 INFO [main] org.apache.catalina.startup.VersionLoggerListener.log CATALINA_BASE:         /workspaces/Supabase2005/apache-tomcat-10.1.18
18-Feb-2026 18:48:03.453 INFO [main] org.apache.catalina.startup.VersionLoggerListener.log CATALINA_HOME:         /workspaces/Supabase2005/apache-tomcat-10.1.18
18-Feb-2026 18:48:03.508 INFO [main] org.apache.catalina.startup.VersionLoggerListener.log Command line argument: -Djava.util.logging.config.file=/workspaces/Supabase2005/apache-tomcat-10.1.18/conf/logging.properties
18-Feb-2026 18:48:03.508 INFO [main] org.apache.catalina.startup.VersionLoggerListener.log Command line argument: -Djava.util.logging.manager=org.apache.juli.ClassLoaderLogManager
18-Feb-2026 18:48:03.509 INFO [main] org.apache.catalina.startup.VersionLoggerListener.log Command line argument: -Djdk.tls.ephemeralDHKeySize=2048
18-Feb-2026 18:48:03.509 INFO [main] org.apache.catalina.startup.VersionLoggerListener.log Command line argument: -Djava.protocol.handler.pkgs=org.apache.catalina.webresources
18-Feb-2026 18:48:03.509 INFO [main] org.apache.catalina.startup.VersionLoggerListener.log Command line argument: -Dorg.apache.catalina.security.SecurityListener.UMASK=0027
18-Feb-2026 18:48:03.509 INFO [main] org.apache.catalina.startup.VersionLoggerListener.log Command line argument: --add-opens=java.base/java.lang=ALL-UNNAMED
18-Feb-2026 18:48:03.510 INFO [main] org.apache.catalina.startup.VersionLoggerListener.log Command line argument: --add-opens=java.base/java.io=ALL-UNNAMED
18-Feb-2026 18:48:03.510 INFO [main] org.apache.catalina.startup.VersionLoggerListener.log Command line argument: --add-opens=java.base/java.util=ALL-UNNAMED
18-Feb-2026 18:48:03.510 INFO [main] org.apache.catalina.startup.VersionLoggerListener.log Command line argument: --add-opens=java.base/java.util.concurrent=ALL-UNNAMED
18-Feb-2026 18:48:03.510 INFO [main] org.apache.catalina.startup.VersionLoggerListener.log Command line argument: --add-opens=java.rmi/sun.rmi.transport=ALL-UNNAMED
18-Feb-2026 18:48:03.510 INFO [main] org.apache.catalina.startup.VersionLoggerListener.log Command line argument: -Dcatalina.base=/workspaces/Supabase2005/apache-tomcat-10.1.18
18-Feb-2026 18:48:03.510 INFO [main] org.apache.catalina.startup.VersionLoggerListener.log Command line argument: -Dcatalina.home=/workspaces/Supabase2005/apache-tomcat-10.1.18
18-Feb-2026 18:48:03.510 INFO [main] org.apache.catalina.startup.VersionLoggerListener.log Command line argument: -Djava.io.tmpdir=/workspaces/Supabase2005/apache-tomcat-10.1.18/temp
18-Feb-2026 18:48:03.524 INFO [main] org.apache.catalina.core.AprLifecycleListener.lifecycleEvent The Apache Tomcat Native library which allows using OpenSSL was not found on the java.library.path: [/usr/java/packages/lib:/usr/lib64:/lib64:/lib:/usr/lib]
18-Feb-2026 18:48:04.175 INFO [main] org.apache.coyote.AbstractProtocol.init Initializing ProtocolHandler ["http-nio-8080"]
18-Feb-2026 18:48:04.209 INFO [main] org.apache.catalina.startup.Catalina.load Server initialization in [1196] milliseconds
18-Feb-2026 18:48:04.283 INFO [main] org.apache.catalina.core.StandardService.startInternal Starting service [Catalina]
18-Feb-2026 18:48:04.283 INFO [main] org.apache.catalina.core.StandardEngine.startInternal Starting Servlet engine: [Apache Tomcat/10.1.18]
18-Feb-2026 18:48:04.293 INFO [main] org.apache.catalina.startup.HostConfig.deployDirectory Deploying web application directory [/workspaces/Supabase2005/apache-tomcat-10.1.18/webapps/docs]
18-Feb-2026 18:48:05.315 INFO [main] org.apache.catalina.startup.HostConfig.deployDirectory Deployment of web application directory [/workspaces/Supabase2005/apache-tomcat-10.1.18/webapps/docs] has finished in [1,014] ms
18-Feb-2026 18:48:05.316 INFO [main] org.apache.catalina.startup.HostConfig.deployDirectory Deploying web application directory [/workspaces/Supabase2005/apache-tomcat-10.1.18/webapps/examples]
18-Feb-2026 18:48:05.806 INFO [main] org.apache.catalina.startup.HostConfig.deployDirectory Deployment of web application directory [/workspaces/Supabase2005/apache-tomcat-10.1.18/webapps/examples] has finished in [490] ms
18-Feb-2026 18:48:05.807 INFO [main] org.apache.catalina.startup.HostConfig.deployDirectory Deploying web application directory [/workspaces/Supabase2005/apache-tomcat-10.1.18/webapps/manager]
18-Feb-2026 18:48:05.841 INFO [main] org.apache.catalina.startup.HostConfig.deployDirectory Deployment of web application directory [/workspaces/Supabase2005/apache-tomcat-10.1.18/webapps/manager] has finished in [33] ms
18-Feb-2026 18:48:05.841 INFO [main] org.apache.catalina.startup.HostConfig.deployDirectory Deploying web application directory [/workspaces/Supabase2005/apache-tomcat-10.1.18/webapps/host-manager]
18-Feb-2026 18:48:05.892 INFO [main] org.apache.catalina.startup.HostConfig.deployDirectory Deployment of web application directory [/workspaces/Supabase2005/apache-tomcat-10.1.18/webapps/host-manager] has finished in [51] ms
18-Feb-2026 18:48:05.895 INFO [main] org.apache.catalina.startup.HostConfig.deployDirectory Deploying web application directory [/workspaces/Supabase2005/apache-tomcat-10.1.18/webapps/BookApp]
18-Feb-2026 18:48:06.122 INFO [main] org.apache.jasper.servlet.TldScanner.scanJars At least one JAR was scanned for TLDs yet contained no TLDs. Enable debug logging for this logger for a complete list of JARs that were scanned but no TLDs were found in them. Skipping unneeded JARs during scanning can improve startup time and JSP compilation time.
18-Feb-2026 18:48:06.141 INFO [main] org.apache.catalina.startup.HostConfig.deployDirectory Deployment of web application directory [/workspaces/Supabase2005/apache-tomcat-10.1.18/webapps/BookApp] has finished in [246] ms
18-Feb-2026 18:48:06.141 INFO [main] org.apache.catalina.startup.HostConfig.deployDirectory Deploying web application directory [/workspaces/Supabase2005/apache-tomcat-10.1.18/webapps/ROOT]
18-Feb-2026 18:48:06.154 INFO [main] org.apache.catalina.startup.HostConfig.deployDirectory Deployment of web application directory [/workspaces/Supabase2005/apache-tomcat-10.1.18/webapps/ROOT] has finished in [13] ms
18-Feb-2026 18:48:06.157 INFO [main] org.apache.coyote.AbstractProtocol.start Starting ProtocolHandler ["http-nio-8080"]
18-Feb-2026 18:48:06.176 INFO [main] org.apache.catalina.startup.Catalina.start Server startup in [1964] milliseconds
18-Feb-2026 18:49:04.748 INFO [main] org.apache.catalina.core.StandardServer.await A valid shutdown command was received via the shutdown port. Stopping the Server instance.
18-Feb-2026 18:49:04.751 INFO [main] org.apache.coyote.AbstractProtocol.pause Pausing ProtocolHandler ["http-nio-8080"]
18-Feb-2026 18:49:04.754 INFO [main] org.apache.catalina.core.StandardService.stopInternal Stopping service [Catalina]
18-Feb-2026 18:49:04.772 WARNING [main] org.apache.catalina.loader.WebappClassLoaderBase.clearReferencesJdbc The web application [BookApp] registered the JDBC driver [org.postgresql.Driver] but failed to unregister it when the web application was stopped. To prevent a memory leak, the JDBC Driver has been forcibly unregistered.
18-Feb-2026 18:49:04.797 INFO [main] org.apache.coyote.AbstractProtocol.stop Stopping ProtocolHandler ["http-nio-8080"]
18-Feb-2026 18:49:04.804 INFO [main] org.apache.coyote.AbstractProtocol.destroy Destroying ProtocolHandler ["http-nio-8080"]
