12-Mar-2026 21:39:17.351 INFO [main] org.apache.catalina.startup.VersionLoggerListener.log Server version name:   Apache Tomcat/10.1.18
12-Mar-2026 21:39:17.380 INFO [main] org.apache.catalina.startup.VersionLoggerListener.log Server built:          Jan 5 2024 14:39:40 UTC
12-Mar-2026 21:39:17.380 INFO [main] org.apache.catalina.startup.VersionLoggerListener.log Server version number: 10.1.18.0
12-Mar-2026 21:39:17.381 INFO [main] org.apache.catalina.startup.VersionLoggerListener.log OS Name:               Linux
12-Mar-2026 21:39:17.381 INFO [main] org.apache.catalina.startup.VersionLoggerListener.log OS Version:            6.8.0-1044-azure
12-Mar-2026 21:39:17.382 INFO [main] org.apache.catalina.startup.VersionLoggerListener.log Architecture:          amd64
12-Mar-2026 21:39:17.382 INFO [main] org.apache.catalina.startup.VersionLoggerListener.log Java Home:             /usr/local/sdkman/candidates/java/25.0.1-ms
12-Mar-2026 21:39:17.382 INFO [main] org.apache.catalina.startup.VersionLoggerListener.log JVM Version:           25.0.1+8-LTS
12-Mar-2026 21:39:17.383 INFO [main] org.apache.catalina.startup.VersionLoggerListener.log JVM Vendor:            Microsoft
12-Mar-2026 21:39:17.383 INFO [main] org.apache.catalina.startup.VersionLoggerListener.log CATALINA_BASE:         /workspaces/Supabase2005/apache-tomcat-10.1.18
12-Mar-2026 21:39:17.383 INFO [main] org.apache.catalina.startup.VersionLoggerListener.log CATALINA_HOME:         /workspaces/Supabase2005/apache-tomcat-10.1.18
12-Mar-2026 21:39:17.450 INFO [main] org.apache.catalina.startup.VersionLoggerListener.log Command line argument: -Djava.util.logging.config.file=/workspaces/Supabase2005/apache-tomcat-10.1.18/conf/logging.properties
12-Mar-2026 21:39:17.451 INFO [main] org.apache.catalina.startup.VersionLoggerListener.log Command line argument: -Djava.util.logging.manager=org.apache.juli.ClassLoaderLogManager
12-Mar-2026 21:39:17.453 INFO [main] org.apache.catalina.startup.VersionLoggerListener.log Command line argument: -Djdk.tls.ephemeralDHKeySize=2048
12-Mar-2026 21:39:17.454 INFO [main] org.apache.catalina.startup.VersionLoggerListener.log Command line argument: -Djava.protocol.handler.pkgs=org.apache.catalina.webresources
12-Mar-2026 21:39:17.454 INFO [main] org.apache.catalina.startup.VersionLoggerListener.log Command line argument: -Dorg.apache.catalina.security.SecurityListener.UMASK=0027
12-Mar-2026 21:39:17.454 INFO [main] org.apache.catalina.startup.VersionLoggerListener.log Command line argument: --add-opens=java.base/java.lang=ALL-UNNAMED
12-Mar-2026 21:39:17.459 INFO [main] org.apache.catalina.startup.VersionLoggerListener.log Command line argument: --add-opens=java.base/java.io=ALL-UNNAMED
12-Mar-2026 21:39:17.459 INFO [main] org.apache.catalina.startup.VersionLoggerListener.log Command line argument: --add-opens=java.base/java.util=ALL-UNNAMED
12-Mar-2026 21:39:17.459 INFO [main] org.apache.catalina.startup.VersionLoggerListener.log Command line argument: --add-opens=java.base/java.util.concurrent=ALL-UNNAMED
12-Mar-2026 21:39:17.463 INFO [main] org.apache.catalina.startup.VersionLoggerListener.log Command line argument: --add-opens=java.rmi/sun.rmi.transport=ALL-UNNAMED
12-Mar-2026 21:39:17.465 INFO [main] org.apache.catalina.startup.VersionLoggerListener.log Command line argument: -Dcatalina.base=/workspaces/Supabase2005/apache-tomcat-10.1.18
12-Mar-2026 21:39:17.465 INFO [main] org.apache.catalina.startup.VersionLoggerListener.log Command line argument: -Dcatalina.home=/workspaces/Supabase2005/apache-tomcat-10.1.18
12-Mar-2026 21:39:17.465 INFO [main] org.apache.catalina.startup.VersionLoggerListener.log Command line argument: -Djava.io.tmpdir=/workspaces/Supabase2005/apache-tomcat-10.1.18/temp
12-Mar-2026 21:39:17.474 INFO [main] org.apache.catalina.core.AprLifecycleListener.lifecycleEvent The Apache Tomcat Native library which allows using OpenSSL was not found on the java.library.path: [/usr/java/packages/lib:/usr/lib64:/lib64:/lib:/usr/lib]
12-Mar-2026 21:39:18.182 INFO [main] org.apache.coyote.AbstractProtocol.init Initializing ProtocolHandler ["http-nio-8080"]
12-Mar-2026 21:39:18.211 INFO [main] org.apache.catalina.startup.Catalina.load Server initialization in [1267] milliseconds
12-Mar-2026 21:39:18.259 INFO [main] org.apache.catalina.core.StandardService.startInternal Starting service [Catalina]
12-Mar-2026 21:39:18.260 INFO [main] org.apache.catalina.core.StandardEngine.startInternal Starting Servlet engine: [Apache Tomcat/10.1.18]
12-Mar-2026 21:39:18.321 INFO [main] org.apache.catalina.startup.HostConfig.deployDirectory Deploying web application directory [/workspaces/Supabase2005/apache-tomcat-10.1.18/webapps/docs]
12-Mar-2026 21:39:19.253 INFO [main] org.apache.catalina.startup.HostConfig.deployDirectory Deployment of web application directory [/workspaces/Supabase2005/apache-tomcat-10.1.18/webapps/docs] has finished in [928] ms
12-Mar-2026 21:39:19.253 INFO [main] org.apache.catalina.startup.HostConfig.deployDirectory Deploying web application directory [/workspaces/Supabase2005/apache-tomcat-10.1.18/webapps/examples]
12-Mar-2026 21:39:20.114 INFO [main] org.apache.catalina.startup.HostConfig.deployDirectory Deployment of web application directory [/workspaces/Supabase2005/apache-tomcat-10.1.18/webapps/examples] has finished in [861] ms
12-Mar-2026 21:39:20.114 INFO [main] org.apache.catalina.startup.HostConfig.deployDirectory Deploying web application directory [/workspaces/Supabase2005/apache-tomcat-10.1.18/webapps/manager]
12-Mar-2026 21:39:20.151 INFO [main] org.apache.catalina.startup.HostConfig.deployDirectory Deployment of web application directory [/workspaces/Supabase2005/apache-tomcat-10.1.18/webapps/manager] has finished in [37] ms
12-Mar-2026 21:39:20.151 INFO [main] org.apache.catalina.startup.HostConfig.deployDirectory Deploying web application directory [/workspaces/Supabase2005/apache-tomcat-10.1.18/webapps/host-manager]
12-Mar-2026 21:39:20.175 INFO [main] org.apache.catalina.startup.HostConfig.deployDirectory Deployment of web application directory [/workspaces/Supabase2005/apache-tomcat-10.1.18/webapps/host-manager] has finished in [24] ms
12-Mar-2026 21:39:20.175 INFO [main] org.apache.catalina.startup.HostConfig.deployDirectory Deploying web application directory [/workspaces/Supabase2005/apache-tomcat-10.1.18/webapps/BookApp]
12-Mar-2026 21:39:20.424 INFO [main] org.apache.jasper.servlet.TldScanner.scanJars At least one JAR was scanned for TLDs yet contained no TLDs. Enable debug logging for this logger for a complete list of JARs that were scanned but no TLDs were found in them. Skipping unneeded JARs during scanning can improve startup time and JSP compilation time.
12-Mar-2026 21:39:20.437 INFO [main] org.apache.catalina.startup.HostConfig.deployDirectory Deployment of web application directory [/workspaces/Supabase2005/apache-tomcat-10.1.18/webapps/BookApp] has finished in [262] ms
12-Mar-2026 21:39:20.439 INFO [main] org.apache.catalina.startup.HostConfig.deployDirectory Deploying web application directory [/workspaces/Supabase2005/apache-tomcat-10.1.18/webapps/ROOT]
12-Mar-2026 21:39:20.463 INFO [main] org.apache.catalina.startup.HostConfig.deployDirectory Deployment of web application directory [/workspaces/Supabase2005/apache-tomcat-10.1.18/webapps/ROOT] has finished in [23] ms
12-Mar-2026 21:39:20.471 INFO [main] org.apache.coyote.AbstractProtocol.start Starting ProtocolHandler ["http-nio-8080"]
12-Mar-2026 21:39:20.483 INFO [main] org.apache.catalina.startup.Catalina.start Server startup in [2270] milliseconds
12-Mar-2026 21:40:15.671 INFO [main] org.apache.catalina.core.StandardServer.await A valid shutdown command was received via the shutdown port. Stopping the Server instance.
12-Mar-2026 21:40:15.675 INFO [main] org.apache.coyote.AbstractProtocol.pause Pausing ProtocolHandler ["http-nio-8080"]
12-Mar-2026 21:40:15.685 INFO [main] org.apache.catalina.core.StandardService.stopInternal Stopping service [Catalina]
12-Mar-2026 21:40:15.719 WARNING [main] org.apache.catalina.loader.WebappClassLoaderBase.clearReferencesJdbc The web application [BookApp] registered the JDBC driver [org.postgresql.Driver] but failed to unregister it when the web application was stopped. To prevent a memory leak, the JDBC Driver has been forcibly unregistered.
12-Mar-2026 21:40:15.737 INFO [main] org.apache.coyote.AbstractProtocol.stop Stopping ProtocolHandler ["http-nio-8080"]
12-Mar-2026 21:40:15.753 INFO [main] org.apache.coyote.AbstractProtocol.destroy Destroying ProtocolHandler ["http-nio-8080"]
