13-Feb-2026 11:27:36.692 INFO [main] org.apache.catalina.core.ApplicationContext.log ContextListener: contextInitialized()
13-Feb-2026 11:27:36.693 INFO [main] org.apache.catalina.core.ApplicationContext.log SessionListener: contextInitialized()
13-Feb-2026 11:27:36.695 INFO [main] org.apache.catalina.core.ApplicationContext.log ContextListener: attributeAdded('StockTicker', 'async.Stockticker@22d6f11')
13-Feb-2026 11:41:44.477 INFO [main] org.apache.catalina.core.ApplicationContext.log SessionListener: contextDestroyed()
13-Feb-2026 11:41:44.477 INFO [main] org.apache.catalina.core.ApplicationContext.log ContextListener: contextDestroyed()
13-Feb-2026 11:41:57.541 INFO [main] org.apache.catalina.core.ApplicationContext.log ContextListener: contextInitialized()
13-Feb-2026 11:41:57.542 INFO [main] org.apache.catalina.core.ApplicationContext.log SessionListener: contextInitialized()
13-Feb-2026 11:41:57.545 INFO [main] org.apache.catalina.core.ApplicationContext.log ContextListener: attributeAdded('StockTicker', 'async.Stockticker@2bef51f2')
13-Feb-2026 11:44:50.998 INFO [main] org.apache.catalina.core.ApplicationContext.log SessionListener: contextDestroyed()
13-Feb-2026 11:44:50.998 INFO [main] org.apache.catalina.core.ApplicationContext.log ContextListener: contextDestroyed()
13-Feb-2026 11:45:00.842 INFO [main] org.apache.catalina.core.ApplicationContext.log ContextListener: contextInitialized()
13-Feb-2026 11:45:00.842 INFO [main] org.apache.catalina.core.ApplicationContext.log SessionListener: contextInitialized()
13-Feb-2026 11:45:00.843 INFO [main] org.apache.catalina.core.ApplicationContext.log ContextListener: attributeAdded('StockTicker', 'async.Stockticker@30f5a68a')
13-Feb-2026 11:51:21.299 INFO [main] org.apache.catalina.core.ApplicationContext.log SessionListener: contextDestroyed()
13-Feb-2026 11:51:21.299 INFO [main] org.apache.catalina.core.ApplicationContext.log ContextListener: contextDestroyed()
13-Feb-2026 11:51:32.588 INFO [main] org.apache.catalina.core.ApplicationContext.log ContextListener: contextInitialized()
13-Feb-2026 11:51:32.589 INFO [main] org.apache.catalina.core.ApplicationContext.log SessionListener: contextInitialized()
13-Feb-2026 11:51:32.590 INFO [main] org.apache.catalina.core.ApplicationContext.log ContextListener: attributeAdded('StockTicker', 'async.Stockticker@24d4d7c9')
13-Feb-2026 11:54:01.524 INFO [main] org.apache.catalina.core.ApplicationContext.log SessionListener: contextDestroyed()
13-Feb-2026 11:54:01.525 INFO [main] org.apache.catalina.core.ApplicationContext.log ContextListener: contextDestroyed()
13-Feb-2026 11:54:11.566 INFO [main] org.apache.catalina.core.ApplicationContext.log ContextListener: contextInitialized()
13-Feb-2026 11:54:11.566 INFO [main] org.apache.catalina.core.ApplicationContext.log SessionListener: contextInitialized()
13-Feb-2026 11:54:11.569 INFO [main] org.apache.catalina.core.ApplicationContext.log ContextListener: attributeAdded('StockTicker', 'async.Stockticker@53f48368')
13-Feb-2026 11:57:12.106 INFO [main] org.apache.catalina.core.ApplicationContext.log SessionListener: contextDestroyed()
13-Feb-2026 11:57:12.106 INFO [main] org.apache.catalina.core.ApplicationContext.log ContextListener: contextDestroyed()
13-Feb-2026 11:57:15.660 INFO [main] org.apache.catalina.core.ApplicationContext.log ContextListener: contextInitialized()
13-Feb-2026 11:57:15.660 INFO [main] org.apache.catalina.core.ApplicationContext.log SessionListener: contextInitialized()
13-Feb-2026 11:57:15.661 INFO [main] org.apache.catalina.core.ApplicationContext.log ContextListener: attributeAdded('StockTicker', 'async.Stockticker@3829ac1')
13-Feb-2026 16:30:14.385 INFO [main] org.apache.catalina.core.ApplicationContext.log ContextListener: contextInitialized()
13-Feb-2026 16:30:14.385 INFO [main] org.apache.catalina.core.ApplicationContext.log SessionListener: contextInitialized()
13-Feb-2026 16:30:14.387 INFO [main] org.apache.catalina.core.ApplicationContext.log ContextListener: attributeAdded('StockTicker', 'async.Stockticker@4e28bdd1')
13-Feb-2026 16:32:49.096 INFO [main] org.apache.catalina.core.ApplicationContext.log SessionListener: contextDestroyed()
13-Feb-2026 16:32:49.096 INFO [main] org.apache.catalina.core.ApplicationContext.log ContextListener: contextDestroyed()
